[26Dec2024 00:00:03.723] [User Authenticator #8/INFO] [net.minecraft.server.network.ServerLoginPacketListenerImpl/]: UUID of player JhynMC is 3f2294df-8b7e-46c2-a4b1-0711298c5e35
[26Dec2024 00:00:27.609] [Server thread/WARN] [net.minecraft.server.network.ServerGamePacketListenerImpl/]: Gondar_80 moved wrongly!
[26Dec2024 00:00:30.409] [Server thread/INFO] [net.minecraft.server.players.PlayerList/]: JhynMC[/127.242.210.13:37749] logged in with entity id 101994 at (-2921.711829221658, 25.375, -1499.9864844239974)
[26Dec2024 00:00:30.492] [Server thread/INFO] [net.minecraft.server.MinecraftServer/]: JhynMC joined the game
[26Dec2024 00:00:30.547] [Server thread/INFO] [Jade/]: Syncing config to JhynMC (3f2294df-8b7e-46c2-a4b1-0711298c5e35)
[26Dec2024 00:01:18.188] [Server thread/INFO] [net.minecraft.server.MinecraftServer/]: [Pepishikita21: Teleported Pepishikita21 to Gondar_80]
[26Dec2024 00:01:32.312] [Server thread/INFO] [net.minecraft.server.MinecraftServer/]: <JhynMC> el colosus de que me dijiste?
[26Dec2024 00:01:56.411] [Server thread/INFO] [net.minecraft.server.MinecraftServer/]: [Pepishikita21: Teleported Pepishikita21 to JhynMC]
[26Dec2024 00:02:30.514] [Server thread/INFO] [net.minecraft.server.MinecraftServer/]: <JhynMC> PEPI
[26Dec2024 00:02:38.016] [Server thread/INFO] [net.minecraft.server.MinecraftServer/]: <Pepishikita21> que pajo?
[26Dec2024 00:02:42.694] [Server thread/INFO] [net.minecraft.server.MinecraftServer/]: <JhynMC> se vuelve amarillo o es mi esquizo?
[26Dec2024 00:02:47.841] [Server thread/INFO] [net.minecraft.server.MinecraftServer/]: [Gondar_80: Teleported Gondar_80 to JhynMC]
[26Dec2024 00:02:51.735] [Server thread/INFO] [net.minecraft.server.MinecraftServer/]: <Pepishikita21> nono, si pasa
[26Dec2024 00:02:55.061] [Server thread/INFO] [net.minecraft.server.MinecraftServer/]: <JhynMC> a
[26Dec2024 00:03:02.445] [Server thread/INFO] [net.minecraft.server.MinecraftServer/]: <Pepishikita21> yo tambien pense eso
[26Dec2024 00:03:05.762] [Server thread/INFO] [net.minecraft.server.MinecraftServer/]: <JhynMC> Ya me panikié
[26Dec2024 00:03:30.762] [Server thread/INFO] [net.minecraft.server.MinecraftServer/]: <Pepishikita21> vengan
[26Dec2024 00:03:31.012] [Server thread/INFO] [net.minecraft.server.MinecraftServer/]: <JhynMC> el gancho que tiene Pepi
[26Dec2024 00:03:43.627] [Server thread/INFO] [net.minecraft.server.MinecraftServer/]: <Pepishikita21> dio disco?
[26Dec2024 00:03:57.679] [Server thread/INFO] [net.minecraft.server.MinecraftServer/]: <JhynMC> se pude invocar de nuevo pero ocupamos la estama y el corazón del mar
[26Dec2024 00:04:10.187] [Server thread/INFO] [net.minecraft.server.MinecraftServer/]: <JhynMC> espada*
[26Dec2024 00:04:49.121] [Server thread/INFO] [net.minecraft.server.MinecraftServer/]: <JhynMC> Quien lo quiere de mascota?
[26Dec2024 00:05:11.061] [Server thread/INFO] [net.minecraft.server.MinecraftServer/]: <Pepishikita21> No lo quiere ute?
[26Dec2024 00:06:20.059] [Server thread/INFO] [net.minecraft.server.MinecraftServer/]: <Pepishikita21> tu no quieres tridente?
[26Dec2024 00:07:06.479] [Server thread/INFO] [net.minecraft.server.MinecraftServer/]: <Pepishikita21> tu siempre decias que querias tridente
[26Dec2024 00:07:13.779] [Server thread/INFO] [net.minecraft.server.MinecraftServer/]: <Pepishikita21> por eso te pregunto
[26Dec2024 00:07:15.559] [Server thread/INFO] [net.minecraft.server.MinecraftServer/]: <Pepishikita21> a
[26Dec2024 00:07:16.208] [Server thread/INFO] [net.minecraft.server.MinecraftServer/]: <JhynMC> Si lo van a querer de mascota lo deben dejar bajo el agua unos 10-15 minutos
[26Dec2024 00:08:58.631] [Server thread/INFO] [net.minecraft.server.MinecraftServer/]: <Pepishikita21> ya estoy arriba
[26Dec2024 00:09:07.132] [Server thread/INFO] [net.minecraft.server.MinecraftServer/]: <Pepishikita21> solamente eso?
[26Dec2024 00:09:14.879] [Server thread/INFO] [net.minecraft.server.MinecraftServer/]: <JhynMC> Para el últime jefe ocupamos 2 fragmentos de netherite
[26Dec2024 00:09:18.913] [Server thread/INFO] [net.minecraft.server.MinecraftServer/]: [Gondar_80: Teleported Gondar_80 to Pepishikita21]
[26Dec2024 00:09:32.277] [Server thread/INFO] [net.minecraft.server.MinecraftServer/]: <JhynMC> tienen o busco rápido?
